#
# There is insufficient memory for the Java Runtime Environment to continue.
# Native memory allocation (mmap) failed to map 134217728 bytes for Failed to commit area from 0x0000000081e00000 to 0x0000000089e00000 of length 134217728.
# Possible reasons:
#   The system is out of physical RAM or swap space
#   The process is running with CompressedOops enabled, and the Java Heap may be blocking the growth of the native heap
# Possible solutions:
#   Reduce memory load on the system
#   Increase physical memory or swap space
#   Check if swap backing store is full
#   Decrease Java heap size (-Xmx/-Xms)
#   Decrease number of Java threads
#   Decrease Java thread stack sizes (-Xss)
#   Set larger code cache with -XX:ReservedCodeCacheSize=
#   JVM is running with Unscaled Compressed Oops mode in which the Java heap is
#     placed in the first 4GB address space. The Java Heap base address is the
#     maximum limit for the native heap growth. Please use -XX:HeapBaseMinAddress
#     to set the Java Heap base and to place the Java Heap above 4GB virtual address.
# This output file may be truncated or incomplete.
#
#  Out of Memory Error (./open/src/hotspot/os/windows/os_windows.cpp:3315), pid=28208, tid=28236
#
# JRE version:  (14.0.2+12) (build )
# Java VM: Java HotSpot(TM) 64-Bit Server VM (14.0.2+12-46, mixed mode, sharing, tiered, compressed oops, g1 gc, windows-amd64)
# No core dump will be written. Minidumps are not enabled by default on client versions of Windows
#

---------------  S U M M A R Y ------------

Command Line: -Dfile.encoding=Cp1252 --module-path=C:\Users\Sank\Downloads\mysql-connector-java-8.0.13.jar -XX:+ShowCodeDetailsInExceptionMessages FirstFrame

Host: Intel(R) Core(TM) i5-8250U CPU @ 1.60GHz, 8 cores, 7G,  Windows 10 , 64 bit Build 18362 (10.0.18362.1110)
Time: Mon Nov 30 19:03:19 2020 India Standard Time elapsed time: 0 seconds (0d 0h 0m 0s)

---------------  T H R E A D  ---------------

Current thread (0x000001619c73a800):  JavaThread "Unknown thread" [_thread_in_vm, id=28236, stack(0x0000001e6c400000,0x0000001e6c500000)]

Stack: [0x0000001e6c400000,0x0000001e6c500000]
Native frames: (J=compiled Java code, j=interpreted, Vv=VM code, C=native code)
V  [jvm.dll+0x5f8a9a]
V  [jvm.dll+0x74247a]
V  [jvm.dll+0x743c2f]
V  [jvm.dll+0x744273]
V  [jvm.dll+0x20d288]
V  [jvm.dll+0x5f5dea]
V  [jvm.dll+0x5eac45]
V  [jvm.dll+0x2c7e9c]
V  [jvm.dll+0x2c7cd2]
V  [jvm.dll+0x2cdbbc]
V  [jvm.dll+0x313fe8]
V  [jvm.dll+0x313710]
V  [jvm.dll+0x2a092a]
V  [jvm.dll+0x2a1a79]
V  [jvm.dll+0x71fd48]
V  [jvm.dll+0x321c14]
V  [jvm.dll+0x70112c]
V  [jvm.dll+0x392def]
V  [jvm.dll+0x394e61]
C  [jli.dll+0x524b]
C  [ucrtbase.dll+0x210b2]
C  [KERNEL32.DLL+0x17c24]
C  [ntdll.dll+0x6d4d1]


---------------  P R O C E S S  ---------------

Threads class SMR info:
_java_thread_list=0x00007ffc222a3038, length=0, elements={
}

Java Threads: ( => current thread )

Other Threads:
  0x000001619c77c000 GCTaskThread "GC Thread#0" [stack: 0x0000001e6c500000,0x0000001e6c600000] [id=27984]
  0x000001619c78f800 ConcurrentGCThread "G1 Main Marker" [stack: 0x0000001e6c600000,0x0000001e6c700000] [id=28588]
  0x000001619c791000 ConcurrentGCThread "G1 Conc#0" [stack: 0x0000001e6c700000,0x0000001e6c800000] [id=24948]

[error occurred during error reporting (printing all threads), id 0xc0000005, EXCEPTION_ACCESS_VIOLATION (0xc0000005) at pc=0x00007ffc21ad1257]

VM state:not at safepoint (not fully initialized)

VM Mutex/Monitor currently owned by a thread:  ([mutex/lock_event])
[0x000001619c736380] Heap_lock - owner thread: 0x000001619c73a800

Heap address: 0x0000000081e00000, size: 2018 MB, Compressed Oops mode: 32-bit
Narrow klass base: 0x0000000000000000, Narrow klass shift: 0

GC Heap History (0 events):
No events

Deoptimization events (0 events):
No events

Classes unloaded (0 events):
No events

Classes redefined (0 events):
No events

Internal exceptions (0 events):
No events

Events (2 events):
Event: 0.008 Loaded shared library C:\Program Files\Java\jdk-14.0.2\bin\java.dll
Event: 0.009 Loaded shared library C:\Program Files\Java\jdk-14.0.2\bin\zip.dll


Dynamic libraries:
0x00007ff71b0b0000 - 0x00007ff71b0bf000 	C:\Program Files\Java\jdk-14.0.2\bin\javaw.exe
0x00007ffc75b60000 - 0x00007ffc75d50000 	C:\WINDOWS\SYSTEM32\ntdll.dll
0x00007ffc75a20000 - 0x00007ffc75ad2000 	C:\WINDOWS\System32\KERNEL32.DLL
0x00007ffc72f80000 - 0x00007ffc73225000 	C:\WINDOWS\System32\KERNELBASE.dll
0x00007ffc72da0000 - 0x00007ffc72e9a000 	C:\WINDOWS\System32\ucrtbase.dll
0x00007ffc6fcb0000 - 0x00007ffc6fcc8000 	C:\Program Files\Java\jdk-14.0.2\bin\jli.dll
0x00007ffc75520000 - 0x00007ffc755c3000 	C:\WINDOWS\System32\ADVAPI32.dll
0x00007ffc6ccd0000 - 0x00007ffc6cce5000 	C:\Program Files\Java\jdk-14.0.2\bin\VCRUNTIME140.dll
0x00007ffc73ec0000 - 0x00007ffc73f5e000 	C:\WINDOWS\System32\msvcrt.dll
0x00007ffc75180000 - 0x00007ffc75217000 	C:\WINDOWS\System32\sechost.dll
0x00007ffc73c90000 - 0x00007ffc73db0000 	C:\WINDOWS\System32\RPCRT4.dll
0x00007ffc74270000 - 0x00007ffc74404000 	C:\WINDOWS\System32\USER32.dll
0x00007ffc72f50000 - 0x00007ffc72f71000 	C:\WINDOWS\System32\win32u.dll
0x00007ffc75af0000 - 0x00007ffc75b16000 	C:\WINDOWS\System32\GDI32.dll
0x00007ffc73af0000 - 0x00007ffc73c86000 	C:\WINDOWS\System32\gdi32full.dll
0x00007ffc6b380000 - 0x00007ffc6b604000 	C:\WINDOWS\WinSxS\amd64_microsoft.windows.common-controls_6595b64144ccf1df_6.0.18362.1198_none_9e820b57e45ad92f\COMCTL32.dll
0x00007ffc72b60000 - 0x00007ffc72bfe000 	C:\WINDOWS\System32\msvcp_win.dll
0x00007ffc75630000 - 0x00007ffc75965000 	C:\WINDOWS\System32\combase.dll
0x00007ffc73a70000 - 0x00007ffc73af0000 	C:\WINDOWS\System32\bcryptPrimitives.dll
0x00007ffc6d2f0000 - 0x00007ffc6d2fa000 	C:\WINDOWS\SYSTEM32\VERSION.dll
0x00007ffc75150000 - 0x00007ffc7517e000 	C:\WINDOWS\System32\IMM32.DLL
0x00007ffc543c0000 - 0x00007ffc5445b000 	C:\Program Files\Java\jdk-14.0.2\bin\msvcp140.dll
0x00007ffc21820000 - 0x00007ffc2233e000 	C:\Program Files\Java\jdk-14.0.2\bin\server\jvm.dll
0x00007ffc75430000 - 0x00007ffc75438000 	C:\WINDOWS\System32\PSAPI.DLL
0x00007ffc6dbc0000 - 0x00007ffc6dbc9000 	C:\WINDOWS\SYSTEM32\WSOCK32.dll
0x00007ffc73e50000 - 0x00007ffc73ebf000 	C:\WINDOWS\System32\WS2_32.dll
0x00007ffc6f5c0000 - 0x00007ffc6f5e4000 	C:\WINDOWS\SYSTEM32\WINMM.dll
0x00007ffc6ef60000 - 0x00007ffc6ef8d000 	C:\WINDOWS\SYSTEM32\winmmbase.dll
0x00007ffc72c00000 - 0x00007ffc72c4a000 	C:\WINDOWS\System32\cfgmgr32.dll
0x00007ffc72af0000 - 0x00007ffc72b01000 	C:\WINDOWS\System32\kernel.appcore.dll
0x00007ffc64110000 - 0x00007ffc6411a000 	C:\Program Files\Java\jdk-14.0.2\bin\jimage.dll
0x00007ffc713e0000 - 0x00007ffc715d4000 	C:\WINDOWS\SYSTEM32\DBGHELP.DLL
0x00007ffc6efe0000 - 0x00007ffc6f00a000 	C:\WINDOWS\SYSTEM32\dbgcore.DLL
0x00007ffc43fd0000 - 0x00007ffc43ff5000 	C:\Program Files\Java\jdk-14.0.2\bin\java.dll
0x00007ffc43fb0000 - 0x00007ffc43fc6000 	C:\Program Files\Java\jdk-14.0.2\bin\zip.dll

dbghelp: loaded successfully - version: 4.0.5 - missing functions: none
symbol engine: initialized successfully - sym options: 0x614 - pdb path: .;C:\Program Files\Java\jdk-14.0.2\bin;C:\WINDOWS\SYSTEM32;C:\WINDOWS\WinSxS\amd64_microsoft.windows.common-controls_6595b64144ccf1df_6.0.18362.1198_none_9e820b57e45ad92f;C:\Program Files\Java\jdk-14.0.2\bin\server

VM Arguments:
jvm_args: -Dfile.encoding=Cp1252 --module-path=C:\Users\Sank\Downloads\mysql-connector-java-8.0.13.jar -XX:+ShowCodeDetailsInExceptionMessages 
java_command: FirstFrame
java_class_path (initial): C:\Users\Sank\eclipse-workspace\BANK_MANAGEMENT_SYSTEM\bin
Launcher Type: SUN_STANDARD

[Global flags]
     intx CICompilerCount                          = 4                                         {product} {ergonomic}
     uint ConcGCThreads                            = 2                                         {product} {ergonomic}
     uint G1ConcRefinementThreads                  = 8                                         {product} {ergonomic}
   size_t G1HeapRegionSize                         = 1048576                                   {product} {ergonomic}
    uintx GCDrainStackTargetSize                   = 64                                        {product} {ergonomic}
   size_t InitialHeapSize                          = 134217728                                 {product} {ergonomic}
   size_t MarkStackSize                            = 4194304                                   {product} {ergonomic}
   size_t MaxHeapSize                              = 2116026368                                {product} {ergonomic}
   size_t MinHeapDeltaBytes                        = 1048576                                   {product} {ergonomic}
   size_t MinHeapSize                              = 8388608                                   {product} {ergonomic}
    uintx NonNMethodCodeHeapSize                   = 5839372                                {pd product} {ergonomic}
    uintx NonProfiledCodeHeapSize                  = 122909434                              {pd product} {ergonomic}
    uintx ProfiledCodeHeapSize                     = 122909434                              {pd product} {ergonomic}
    uintx ReservedCodeCacheSize                    = 251658240                              {pd product} {ergonomic}
     bool SegmentedCodeCache                       = true                                      {product} {ergonomic}
     bool ShowCodeDetailsInExceptionMessages       = true                                   {manageable} {command line}
   size_t SoftMaxHeapSize                          = 2116026368                             {manageable} {ergonomic}
     bool UseCompressedClassPointers               = true                                 {lp64_product} {ergonomic}
     bool UseCompressedOops                        = true                                 {lp64_product} {ergonomic}
     bool UseG1GC                                  = true                                      {product} {ergonomic}
     bool UseLargePagesIndividualAllocation        = false                                  {pd product} {ergonomic}

Logging:
Log output configuration:
 #0: stdout all=warning uptime,level,tags
 #1: stderr all=off uptime,level,tags

Environment Variables:
PATH=C:/Program Files/Java/jdk-14.0.2/bin/server;C:/Program Files/Java/jdk-14.0.2/bin;C:\PythonLatest\Scripts\;C:\PythonLatest\;C:\Program Files\Python37\Scripts\;C:\Program Files\Python37\;C:\ProgramData\Anaconda3;C:\ProgramData\Anaconda3\Library\mingw-w64\bin;C:\ProgramData\Anaconda3\Library\usr\bin;C:\ProgramData\Anaconda3\Library\bin;C:\ProgramData\Anaconda3\Scripts;C:\WINDOWS\system32;C:\WINDOWS;C:\WINDOWS\System32\Wbem;C:\WINDOWS\System32\WindowsPowerShell\v1.0\;C:\WINDOWS\System32\OpenSSH\;C:\Users\Sank\.conda\envs\tensorflow;C:\Program Files\Tesseract-OCR;C:\Program Files\Tesseract-OCR\tesseract.exe;C:\Program Files\Java\jdk-14.0.2\bin;C:\Users\Sank\AppData\Roaming\Python\Python37\site-packages\django\bin;C:\Program Files\Git\cmd;C:\Users\Sank\AppData\Local\Microsoft\WindowsApps;;C:\python37\PyCharm Community Edition 2020.1.2\bin;;C:\Users\Sank\Desktop;
USERNAME=Sank
OS=Windows_NT
PROCESSOR_IDENTIFIER=Intel64 Family 6 Model 142 Stepping 10, GenuineIntel



---------------  S Y S T E M  ---------------

OS: Windows 10 , 64 bit Build 18362 (10.0.18362.1110)
OS uptime: 0 days 5:39 hours

CPU:total 8 (initial active 8) (4 cores per cpu, 2 threads per core) family 6 model 142 stepping 10, cmov, cx8, fxsr, mmx, sse, sse2, sse3, ssse3, sse4.1, sse4.2, popcnt, avx, avx2, aes, clmul, erms, 3dnowpref, lzcnt, ht, tsc, tscinvbit, bmi1, bmi2, adx, fma

Memory: 4k page, system-wide physical 8070M (2006M free)
TotalPageFile size 32646M (AvailPageFile size 25M)
current process WorkingSet (physical memory assigned to process): 10M, peak: 10M
current process commit charge ("private bytes"): 60M, peak: 188M

vm_info: Java HotSpot(TM) 64-Bit Server VM (14.0.2+12-46) for windows-amd64 JRE (14.0.2+12-46), built on Jul  9 2020 00:35:52 by "mach5one" with MS VC++ 15.9 (VS2017)

END.
